<?xml version="1.0" encoding="UTF-8"?>
<!-- Generated by org.testng.reporters.JUnitXMLReporter -->
<testsuite ignored="0" hostname="MBGNW0167" failures="0" tests="8" name="SmokeTests" time="202.883" errors="0" timestamp="2022-07-04T09:36:37 EEST">
  <testcase classname="pomscripts.SmokeTests" name="addNewComment" time="3.923"/>
  <testcase classname="pomscripts.SmokeTests" name="createAccount" time="3.576"/>
  <testcase classname="pomscripts.SmokeTests" name="deletePost" time="3.7"/>
  <testcase classname="pomscripts.SmokeTests" name="editProfileInfo" time="4.353"/>
  <testcase classname="pomscripts.SmokeTests" name="likePrivatePost" time="3.509"/>
  <testcase classname="pomscripts.SmokeTests" name="loginTest" time="2.762"/>
  <testcase classname="pomscripts.SmokeTests" name="logoutTest" time="2.897"/>
  <testcase classname="pomscripts.SmokeTests" name="undoLikedPost" time="3.632"/>
</testsuite> <!-- SmokeTests -->
